<?xml version="1.0" encoding="UTF-8"?>
<!-- Generated by org.testng.reporters.JUnitReportReporter -->
<testsuite hostname="sergio-AORUS-15P-KD" failures="0" tests="1" name="com.sdetadda.allure.Testcase3" time="0.002" errors="0" timestamp="2023-04-18T17:48:18 ART" skipped="0">
  <testcase classname="com.sdetadda.allure.Testcase3" name="testMethod3" time="0.002"/>
  <system-out/>
</testsuite> <!-- com.sdetadda.allure.Testcase3 -->
